<?xml version="1.0" encoding="UTF-8"?>
<testng-results skipped="0" failed="0" ignored="0" total="2" passed="2">
  <reporter-output>
  </reporter-output>
  <suite name="Default suite" duration-ms="29686" started-at="2019-04-10T09:35:42Z" finished-at="2019-04-10T09:36:11Z">
    <groups>
    </groups>
    <test name="Default test" duration-ms="29686" started-at="2019-04-10T09:35:42Z" finished-at="2019-04-10T09:36:11Z">
      <class name="com.ppl.qa.testcases.LoginPageTest">
        <test-method status="PASS" signature="setup()[pri:0, instance:com.ppl.qa.testcases.LoginPageTest@3532ec19]" name="setup" is-config="true" duration-ms="14698" started-at="2019-04-10T15:05:42Z" finished-at="2019-04-10T15:05:56Z">
          <reporter-output>
          </reporter-output>
        </test-method> <!-- setup -->
        <test-method status="PASS" signature="loginPageTitleTest()[pri:1, instance:com.ppl.qa.testcases.LoginPageTest@3532ec19]" name="loginPageTitleTest" duration-ms="40" started-at="2019-04-10T15:05:56Z" finished-at="2019-04-10T15:05:56Z">
          <reporter-output>
          </reporter-output>
        </test-method> <!-- loginPageTitleTest -->
        <test-method status="PASS" signature="tearDown()[pri:0, instance:com.ppl.qa.testcases.LoginPageTest@3532ec19]" name="tearDown" is-config="true" duration-ms="903" started-at="2019-04-10T15:05:56Z" finished-at="2019-04-10T15:05:57Z">
          <reporter-output>
          </reporter-output>
        </test-method> <!-- tearDown -->
        <test-method status="PASS" signature="setup()[pri:0, instance:com.ppl.qa.testcases.LoginPageTest@3532ec19]" name="setup" is-config="true" duration-ms="9108" started-at="2019-04-10T15:05:57Z" finished-at="2019-04-10T15:06:06Z">
          <reporter-output>
          </reporter-output>
        </test-method> <!-- setup -->
        <test-method status="PASS" signature="LoginTest()[pri:2, instance:com.ppl.qa.testcases.LoginPageTest@3532ec19]" name="LoginTest" duration-ms="4108" started-at="2019-04-10T15:06:06Z" finished-at="2019-04-10T15:06:10Z">
          <reporter-output>
          </reporter-output>
        </test-method> <!-- LoginTest -->
        <test-method status="PASS" signature="tearDown()[pri:0, instance:com.ppl.qa.testcases.LoginPageTest@3532ec19]" name="tearDown" is-config="true" duration-ms="796" started-at="2019-04-10T15:06:10Z" finished-at="2019-04-10T15:06:11Z">
          <reporter-output>
          </reporter-output>
        </test-method> <!-- tearDown -->
      </class> <!-- com.ppl.qa.testcases.LoginPageTest -->
    </test> <!-- Default test -->
  </suite> <!-- Default suite -->
</testng-results>
